[20-Mar-2019 02:05:23 UTC] PHP Fatal error:  Uncaught exception 'PDOException' with message 'SQLSTATE[42000]: Syntax error or access violation: 1064 You have an error in your SQL syntax; check the manual that corresponds to your MySQL server version for the right syntax to use near 'productName LIKE '%apple%'' at line 1' in /home/ubuntu/workspace/labs/lab7-otterMart/api/getSearchResults.php:18
Stack trace:
#0 /home/ubuntu/workspace/labs/lab7-otterMart/api/getSearchResults.php(18): PDOStatement->execute(Array)
#1 {main}
  thrown in /home/ubuntu/workspace/labs/lab7-otterMart/api/getSearchResults.php on line 18
[23-Mar-2019 00:18:41 UTC] PHP Fatal error:  Uncaught exception 'PDOException' with message 'SQLSTATE[42000]: Syntax error or access violation: 1064 You have an error in your SQL syntax; check the manual that corresponds to your MySQL server version for the right syntax to use near 'catId = 'undefined'' at line 1' in /home/ubuntu/workspace/labs/lab7-otterMart/api/getSearchResults.php:23
Stack trace:
#0 /home/ubuntu/workspace/labs/lab7-otterMart/api/getSearchResults.php(23): PDOStatement->execute(Array)
#1 {main}
  thrown in /home/ubuntu/workspace/labs/lab7-otterMart/api/getSearchResults.php on line 23
[23-Mar-2019 00:18:42 UTC] PHP Fatal error:  Uncaught exception 'PDOException' with message 'SQLSTATE[42000]: Syntax error or access violation: 1064 You have an error in your SQL syntax; check the manual that corresponds to your MySQL server version for the right syntax to use near 'catId = 'undefined'' at line 1' in /home/ubuntu/workspace/labs/lab7-otterMart/api/getSearchResults.php:23
Stack trace:
#0 /home/ubuntu/workspace/labs/lab7-otterMart/api/getSearchResults.php(23): PDOStatement->execute(Array)
#1 {main}
  thrown in /home/ubuntu/workspace/labs/lab7-otterMart/api/getSearchResults.php on line 23
[23-Mar-2019 00:18:43 UTC] PHP Fatal error:  Uncaught exception 'PDOException' with message 'SQLSTATE[42000]: Syntax error or access violation: 1064 You have an error in your SQL syntax; check the manual that corresponds to your MySQL server version for the right syntax to use near 'catId = 'undefined'' at line 1' in /home/ubuntu/workspace/labs/lab7-otterMart/api/getSearchResults.php:23
Stack trace:
#0 /home/ubuntu/workspace/labs/lab7-otterMart/api/getSearchResults.php(23): PDOStatement->execute(Array)
#1 {main}
  thrown in /home/ubuntu/workspace/labs/lab7-otterMart/api/getSearchResults.php on line 23
[23-Mar-2019 00:18:43 UTC] PHP Fatal error:  Uncaught exception 'PDOException' with message 'SQLSTATE[42000]: Syntax error or access violation: 1064 You have an error in your SQL syntax; check the manual that corresponds to your MySQL server version for the right syntax to use near 'catId = 'undefined'' at line 1' in /home/ubuntu/workspace/labs/lab7-otterMart/api/getSearchResults.php:23
Stack trace:
#0 /home/ubuntu/workspace/labs/lab7-otterMart/api/getSearchResults.php(23): PDOStatement->execute(Array)
#1 {main}
  thrown in /home/ubuntu/workspace/labs/lab7-otterMart/api/getSearchResults.php on line 23
[23-Mar-2019 00:18:43 UTC] PHP Fatal error:  Uncaught exception 'PDOException' with message 'SQLSTATE[42000]: Syntax error or access violation: 1064 You have an error in your SQL syntax; check the manual that corresponds to your MySQL server version for the right syntax to use near 'catId = 'undefined'' at line 1' in /home/ubuntu/workspace/labs/lab7-otterMart/api/getSearchResults.php:23
Stack trace:
#0 /home/ubuntu/workspace/labs/lab7-otterMart/api/getSearchResults.php(23): PDOStatement->execute(Array)
#1 {main}
  thrown in /home/ubuntu/workspace/labs/lab7-otterMart/api/getSearchResults.php on line 23
[23-Mar-2019 00:18:43 UTC] PHP Fatal error:  Uncaught exception 'PDOException' with message 'SQLSTATE[42000]: Syntax error or access violation: 1064 You have an error in your SQL syntax; check the manual that corresponds to your MySQL server version for the right syntax to use near 'catId = 'undefined'' at line 1' in /home/ubuntu/workspace/labs/lab7-otterMart/api/getSearchResults.php:23
Stack trace:
#0 /home/ubuntu/workspace/labs/lab7-otterMart/api/getSearchResults.php(23): PDOStatement->execute(Array)
#1 {main}
  thrown in /home/ubuntu/workspace/labs/lab7-otterMart/api/getSearchResults.php on line 23
[23-Mar-2019 00:18:43 UTC] PHP Fatal error:  Uncaught exception 'PDOException' with message 'SQLSTATE[42000]: Syntax error or access violation: 1064 You have an error in your SQL syntax; check the manual that corresponds to your MySQL server version for the right syntax to use near 'catId = 'undefined'' at line 1' in /home/ubuntu/workspace/labs/lab7-otterMart/api/getSearchResults.php:23
Stack trace:
#0 /home/ubuntu/workspace/labs/lab7-otterMart/api/getSearchResults.php(23): PDOStatement->execute(Array)
#1 {main}
  thrown in /home/ubuntu/workspace/labs/lab7-otterMart/api/getSearchResults.php on line 23
[23-Mar-2019 00:18:43 UTC] PHP Fatal error:  Uncaught exception 'PDOException' with message 'SQLSTATE[42000]: Syntax error or access violation: 1064 You have an error in your SQL syntax; check the manual that corresponds to your MySQL server version for the right syntax to use near 'catId = 'undefined'' at line 1' in /home/ubuntu/workspace/labs/lab7-otterMart/api/getSearchResults.php:23
Stack trace:
#0 /home/ubuntu/workspace/labs/lab7-otterMart/api/getSearchResults.php(23): PDOStatement->execute(Array)
#1 {main}
  thrown in /home/ubuntu/workspace/labs/lab7-otterMart/api/getSearchResults.php on line 23
[23-Mar-2019 00:19:16 UTC] PHP Fatal error:  Uncaught exception 'PDOException' with message 'SQLSTATE[42000]: Syntax error or access violation: 1064 You have an error in your SQL syntax; check the manual that corresponds to your MySQL server version for the right syntax to use near 'catId = 'undefined'' at line 1' in /home/ubuntu/workspace/labs/lab7-otterMart/api/getSearchResults.php:23
Stack trace:
#0 /home/ubuntu/workspace/labs/lab7-otterMart/api/getSearchResults.php(23): PDOStatement->execute(Array)
#1 {main}
  thrown in /home/ubuntu/workspace/labs/lab7-otterMart/api/getSearchResults.php on line 23
[23-Mar-2019 00:21:05 UTC] PHP Fatal error:  Uncaught exception 'PDOException' with message 'SQLSTATE[42000]: Syntax error or access violation: 1064 You have an error in your SQL syntax; check the manual that corresponds to your MySQL server version for the right syntax to use near 'catId = 'undefined'' at line 1' in /home/ubuntu/workspace/labs/lab7-otterMart/api/getSearchResults.php:23
Stack trace:
#0 /home/ubuntu/workspace/labs/lab7-otterMart/api/getSearchResults.php(23): PDOStatement->execute(Array)
#1 {main}
  thrown in /home/ubuntu/workspace/labs/lab7-otterMart/api/getSearchResults.php on line 23
[23-Mar-2019 00:21:11 UTC] PHP Fatal error:  Uncaught exception 'PDOException' with message 'SQLSTATE[42000]: Syntax error or access violation: 1064 You have an error in your SQL syntax; check the manual that corresponds to your MySQL server version for the right syntax to use near 'catId = 'undefined'' at line 1' in /home/ubuntu/workspace/labs/lab7-otterMart/api/getSearchResults.php:23
Stack trace:
#0 /home/ubuntu/workspace/labs/lab7-otterMart/api/getSearchResults.php(23): PDOStatement->execute(Array)
#1 {main}
  thrown in /home/ubuntu/workspace/labs/lab7-otterMart/api/getSearchResults.php on line 23
[23-Mar-2019 01:00:25 UTC] PHP Parse error:  syntax error, unexpected end of file in /home/ubuntu/workspace/labs/lab7-otterMart/api/getSearchResults.php on line 45
[23-Mar-2019 01:00:37 UTC] PHP Parse error:  syntax error, unexpected end of file in /home/ubuntu/workspace/labs/lab7-otterMart/api/getSearchResults.php on line 45
[23-Mar-2019 20:02:50 UTC] PHP Fatal error:  Uncaught exception 'PDOException' with message 'SQLSTATE[HY093]: Invalid parameter number: parameter was not defined' in /home/ubuntu/workspace/labs/lab7-otterMart/api/getPurchaseHistory.php:15
Stack trace:
#0 /home/ubuntu/workspace/labs/lab7-otterMart/api/getPurchaseHistory.php(15): PDOStatement->execute(Array)
#1 {main}
  thrown in /home/ubuntu/workspace/labs/lab7-otterMart/api/getPurchaseHistory.php on line 15
[23-Mar-2019 20:02:56 UTC] PHP Fatal error:  Uncaught exception 'PDOException' with message 'SQLSTATE[HY093]: Invalid parameter number: parameter was not defined' in /home/ubuntu/workspace/labs/lab7-otterMart/api/getPurchaseHistory.php:15
Stack trace:
#0 /home/ubuntu/workspace/labs/lab7-otterMart/api/getPurchaseHistory.php(15): PDOStatement->execute(Array)
#1 {main}
  thrown in /home/ubuntu/workspace/labs/lab7-otterMart/api/getPurchaseHistory.php on line 15
[23-Mar-2019 20:03:14 UTC] PHP Fatal error:  Uncaught exception 'PDOException' with message 'SQLSTATE[HY093]: Invalid parameter number: parameter was not defined' in /home/ubuntu/workspace/labs/lab7-otterMart/api/getPurchaseHistory.php:15
Stack trace:
#0 /home/ubuntu/workspace/labs/lab7-otterMart/api/getPurchaseHistory.php(15): PDOStatement->execute(Array)
#1 {main}
  thrown in /home/ubuntu/workspace/labs/lab7-otterMart/api/getPurchaseHistory.php on line 15
[23-Mar-2019 20:03:17 UTC] PHP Fatal error:  Uncaught exception 'PDOException' with message 'SQLSTATE[HY093]: Invalid parameter number: parameter was not defined' in /home/ubuntu/workspace/labs/lab7-otterMart/api/getPurchaseHistory.php:15
Stack trace:
#0 /home/ubuntu/workspace/labs/lab7-otterMart/api/getPurchaseHistory.php(15): PDOStatement->execute(Array)
#1 {main}
  thrown in /home/ubuntu/workspace/labs/lab7-otterMart/api/getPurchaseHistory.php on line 15
